{
  "RSpec": {
    "coverage": {
      "/root/SFrederick-CS3330-Fall2022/app/models/user.rb": {
        "lines": [
          1,
          null,
          null,
          1,
          null,
          null
        ]
      },
      "/root/SFrederick-CS3330-Fall2022/app/models/application_record.rb": {
        "lines": [
          1,
          1,
          null
        ]
      },
      "/root/SFrederick-CS3330-Fall2022/app/channels/application_cable/channel.rb": {
        "lines": [
          1,
          1,
          null,
          null
        ]
      },
      "/root/SFrederick-CS3330-Fall2022/app/channels/application_cable/connection.rb": {
        "lines": [
          1,
          1,
          null,
          null
        ]
      },
      "/root/SFrederick-CS3330-Fall2022/app/controllers/application_controller.rb": {
        "lines": [
          1,
          null
        ]
      },
      "/root/SFrederick-CS3330-Fall2022/app/helpers/application_helper.rb": {
        "lines": [
          1,
          null
        ]
      },
      "/root/SFrederick-CS3330-Fall2022/app/helpers/projects_helper.rb": {
        "lines": [
          1,
          null
        ]
      },
      "/root/SFrederick-CS3330-Fall2022/app/controllers/home_controller.rb": {
        "lines": [
          1,
          1,
          1,
          null,
          null
        ]
      },
      "/root/SFrederick-CS3330-Fall2022/app/controllers/projects_controller.rb": {
        "lines": [
          1,
          1,
          null,
          null,
          1,
          1,
          null,
          null,
          null,
          1,
          null,
          null,
          null,
          1,
          2,
          null,
          null,
          null,
          1,
          null,
          null,
          null,
          1,
          2,
          null,
          2,
          2,
          2,
          1,
          null,
          2,
          1,
          null,
          null,
          null,
          null,
          null,
          1,
          2,
          2,
          2,
          1,
          null,
          2,
          1,
          null,
          null,
          null,
          null,
          null,
          1,
          0,
          null,
          0,
          0,
          0,
          null,
          null,
          null,
          1,
          null,
          1,
          7,
          null,
          null,
          null,
          1,
          4,
          null,
          null
        ]
      },
      "/root/SFrederick-CS3330-Fall2022/app/jobs/application_job.rb": {
        "lines": [
          1,
          null,
          null,
          null,
          null,
          null,
          null
        ]
      },
      "/root/SFrederick-CS3330-Fall2022/app/mailers/application_mailer.rb": {
        "lines": [
          1,
          1,
          1,
          null
        ]
      },
      "/root/SFrederick-CS3330-Fall2022/app/models/project.rb": {
        "lines": [
          1,
          1,
          1,
          null
        ]
      }
    },
    "timestamp": 1669239431
  }
}
